{"/home/thegabornator/Projects/chargerhooker/helpers/helpers.js": {"path":"/home/thegabornator/Projects/chargerhooker/helpers/helpers.js","statementMap":{"0":{"start":{"line":1,"column":14},"end":{"line":1,"column":30}},"1":{"start":{"line":3,"column":22},"end":{"line":3,"column":126}},"2":{"start":{"line":5,"column":20},"end":{"line":17,"column":1}},"3":{"start":{"line":7,"column":4},"end":{"line":15,"column":9}},"4":{"start":{"line":10,"column":8},"end":{"line":10,"column":53}},"5":{"start":{"line":11,"column":8},"end":{"line":11,"column":30}},"6":{"start":{"line":14,"column":8},"end":{"line":14,"column":29}},"7":{"start":{"line":19,"column":25},"end":{"line":26,"column":1}},"8":{"start":{"line":20,"column":2},"end":{"line":23,"column":3}},"9":{"start":{"line":21,"column":4},"end":{"line":21,"column":50}},"10":{"start":{"line":22,"column":4},"end":{"line":22,"column":13}},"11":{"start":{"line":24,"column":30},"end":{"line":24,"column":53}},"12":{"start":{"line":25,"column":2},"end":{"line":25,"column":41}},"13":{"start":{"line":28,"column":30},"end":{"line":37,"column":1}},"14":{"start":{"line":29,"column":21},"end":{"line":29,"column":74}},"15":{"start":{"line":30,"column":2},"end":{"line":32,"column":3}},"16":{"start":{"line":31,"column":4},"end":{"line":31,"column":46}},"17":{"start":{"line":33,"column":2},"end":{"line":35,"column":3}},"18":{"start":{"line":34,"column":4},"end":{"line":34,"column":65}},"19":{"start":{"line":36,"column":2},"end":{"line":36,"column":80}},"20":{"start":{"line":39,"column":0},"end":{"line":43,"column":2}}},"fnMap":{"0":{"name":"(anonymous_0)","decl":{"start":{"line":5,"column":20},"end":{"line":5,"column":21}},"loc":{"start":{"line":5,"column":26},"end":{"line":17,"column":1}},"line":5},"1":{"name":"(anonymous_1)","decl":{"start":{"line":9,"column":12},"end":{"line":9,"column":13}},"loc":{"start":{"line":9,"column":21},"end":{"line":12,"column":7}},"line":9},"2":{"name":"(anonymous_2)","decl":{"start":{"line":13,"column":13},"end":{"line":13,"column":14}},"loc":{"start":{"line":13,"column":24},"end":{"line":15,"column":7}},"line":13},"3":{"name":"(anonymous_3)","decl":{"start":{"line":19,"column":25},"end":{"line":19,"column":26}},"loc":{"start":{"line":19,"column":49},"end":{"line":26,"column":1}},"line":19},"4":{"name":"(anonymous_4)","decl":{"start":{"line":28,"column":30},"end":{"line":28,"column":31}},"loc":{"start":{"line":28,"column":64},"end":{"line":37,"column":1}},"line":28}},"branchMap":{"0":{"loc":{"start":{"line":19,"column":26},"end":{"line":19,"column":44}},"type":"default-arg","locations":[{"start":{"line":19,"column":41},"end":{"line":19,"column":44}}],"line":19},"1":{"loc":{"start":{"line":20,"column":2},"end":{"line":23,"column":3}},"type":"if","locations":[{"start":{"line":20,"column":2},"end":{"line":23,"column":3}},{"start":{"line":20,"column":2},"end":{"line":23,"column":3}}],"line":20},"2":{"loc":{"start":{"line":20,"column":6},"end":{"line":20,"column":40}},"type":"binary-expr","locations":[{"start":{"line":20,"column":6},"end":{"line":20,"column":19}},{"start":{"line":20,"column":23},"end":{"line":20,"column":40}}],"line":20},"3":{"loc":{"start":{"line":28,"column":31},"end":{"line":28,"column":59}},"type":"default-arg","locations":[{"start":{"line":28,"column":58},"end":{"line":28,"column":59}}],"line":28},"4":{"loc":{"start":{"line":29,"column":21},"end":{"line":29,"column":74}},"type":"binary-expr","locations":[{"start":{"line":29,"column":21},"end":{"line":29,"column":69}},{"start":{"line":29,"column":73},"end":{"line":29,"column":74}}],"line":29},"5":{"loc":{"start":{"line":30,"column":2},"end":{"line":32,"column":3}},"type":"if","locations":[{"start":{"line":30,"column":2},"end":{"line":32,"column":3}},{"start":{"line":30,"column":2},"end":{"line":32,"column":3}}],"line":30},"6":{"loc":{"start":{"line":33,"column":2},"end":{"line":35,"column":3}},"type":"if","locations":[{"start":{"line":33,"column":2},"end":{"line":35,"column":3}},{"start":{"line":33,"column":2},"end":{"line":35,"column":3}}],"line":33}},"s":{"0":1,"1":1,"2":1,"3":0,"4":0,"5":0,"6":0,"7":1,"8":5,"9":3,"10":3,"11":2,"12":2,"13":1,"14":3,"15":3,"16":2,"17":1,"18":1,"19":0,"20":1},"f":{"0":0,"1":0,"2":0,"3":5,"4":3},"b":{"0":[1],"1":[3,2],"2":[5,4],"3":[1],"4":[3,2],"5":[2,1],"6":[1,0]},"_coverageSchema":"1a1c01bbd47fc00a2c39e90264f33305004495a9","hash":"3d98344212e75d712bcccfaf02a42277c1c8a648"}
}
