TN:
SF:helpers/helpers.js
FN:5,(anonymous_0)
FN:9,(anonymous_1)
FN:13,(anonymous_2)
FN:19,(anonymous_3)
FN:28,(anonymous_4)
FNF:5
FNH:2
FNDA:0,(anonymous_0)
FNDA:0,(anonymous_1)
FNDA:0,(anonymous_2)
FNDA:5,(anonymous_3)
FNDA:3,(anonymous_4)
DA:1,1
DA:3,1
DA:5,1
DA:7,0
DA:10,0
DA:11,0
DA:14,0
DA:19,1
DA:20,5
DA:21,3
DA:22,3
DA:24,2
DA:25,2
DA:28,1
DA:29,3
DA:30,3
DA:31,2
DA:33,1
DA:34,1
DA:36,0
DA:39,1
LF:21
LH:16
BRDA:19,0,0,1
BRDA:20,1,0,3
BRDA:20,1,1,2
BRDA:20,2,0,5
BRDA:20,2,1,4
BRDA:28,3,0,1
BRDA:29,4,0,3
BRDA:29,4,1,2
BRDA:30,5,0,2
BRDA:30,5,1,1
BRDA:33,6,0,1
BRDA:33,6,1,0
BRF:12
BRH:11
end_of_record
